{"name": "test_send_default_page_data_messages", "status": "failed", "statusDetails": {"message": "AssertionError: True\nassert 'Прочитано' in 'Отложено'", "trace": "browser = <selenium.webdriver.chrome.webdriver.WebDriver (session=\"5232950d6cb1199f73550fef8db306f5\")>\n\n    def test_send_default_page_data_messages(browser):\n        login_page = Action_Login(browser)\n        login_page.go_to_site()\n        login_page.autorization()\n        main_page = Action_Main(browser)\n        main_page.open_create_message()\n        message_create_page = Action_MessageCreate(browser)\n        message_create_page.enter_data_message_default('заголовок', 'сообщение', '79101234567')\n        message_create_page = Action_MessageCreateStatus(browser)\n        message_create_page.open_data_messages()\n        data_messages_page = Check_DataMessages(browser)\n        check = data_messages_page.check_message_status()\n>       assert 'Прочитано' in check, browser.get_screenshot_as_file(test_send_default_page_data_messages.__name__ + ' ' + 'FAILED.png')\nE       AssertionError: True\nE       assert 'Прочитано' in 'Отложено'\n\nTests\\test_send_message.py:41: AssertionError"}, "start": 1652777919764, "stop": 1652777924961, "uuid": "690ae5d6-c2d0-45cd-b5ec-64319749d80f", "historyId": "9cb59b8dc3f658b8d0db842fe5709ea4", "testCaseId": "c8d644e9c1847d1447888113d7cad39e", "fullName": "Tests.test_send_message#test_send_default_page_data_messages", "labels": [{"name": "parentSuite", "value": "Tests"}, {"name": "suite", "value": "test_send_message"}, {"name": "host", "value": "DESKTOP-13RCMAF"}, {"name": "thread", "value": "23328-MainThread"}, {"name": "framework", "value": "pytest"}, {"name": "language", "value": "cpython3"}, {"name": "package", "value": "Tests.test_send_message"}]}