{"name": "test_send_default_page_data_messages", "status": "failed", "statusDetails": {"message": "AssertionError: True\nassert 'Прочитано' in 'Отложено'", "trace": "browser = <selenium.webdriver.chrome.webdriver.WebDriver (session=\"b2d2ff17e17e2b344e40f8f7d13bf9ae\")>\n\n    def test_send_default_page_data_messages(browser):\n        login_page = Action_Login(browser)\n        login_page.go_to_site()\n        login_page.autorization()\n        main_page = Action_Main(browser)\n        main_page.open_create_message()\n        message_create_page = Action_MessageCreate(browser)\n        message_create_page.enter_data_message_default('заголовок', 'сообщение', '79101234567')\n        message_create_page = Action_MessageCreateStatus(browser)\n        message_create_page.open_data_messages()\n        data_messages_page = Check_DataMessages(browser)\n        check = data_messages_page.check_message_status()\n>       assert 'Прочитано' in check, browser.get_screenshot_as_file(test_send_default_page_data_messages.__name__ + ' ' + 'FAILED.png')\nE       AssertionError: True\nE       assert 'Прочитано' in 'Отложено'\n\nC:\\Users\\User\\PycharmProjects\\testismg\\Tests\\test_send_message.py:41: AssertionError"}, "start": 1652779738299, "stop": 1652779742649, "uuid": "2988b20c-74ac-4c83-a5ce-397a4371297a", "historyId": "9cb59b8dc3f658b8d0db842fe5709ea4", "testCaseId": "c8d644e9c1847d1447888113d7cad39e", "fullName": "Tests.test_send_message#test_send_default_page_data_messages", "labels": [{"name": "parentSuite", "value": "Tests"}, {"name": "suite", "value": "test_send_message"}, {"name": "host", "value": "DESKTOP-13RCMAF"}, {"name": "thread", "value": "17840-MainThread"}, {"name": "framework", "value": "pytest"}, {"name": "language", "value": "cpython3"}, {"name": "package", "value": "Tests.test_send_message"}]}